yarn run v1.22.19
$ docusaurus start --port 20001 --host 0.0.0.0

╭──────────────────────────────────────────────────────────────────────────────╮│                                                                              ││                        Update available 2.4.1 → 3.2.1                        ││                                                                              ││       To upgrade Docusaurus packages with the latest version, run the        ││                             following command:                               ││   `yarn upgrade @docusaurus/core@latest @docusaurus/preset-classic@latest    ││                   @docusaurus/module-type-aliases@latest`                    ││                                                                              │╰──────────────────────────────────────────────────────────────────────────────╯

[INFO] Starting the development server...
Warn: `blogDir` doesn't exist: "/home/chaowu/04_review_repo/tros_en/blog".
[SUCCESS] Docusaurus website is running at: http://localhost:20001/documents_tros/
Browserslist: caniuse-lite is outdated. Please run:
  npx update-browserslist-db@latest
  Why you should do it regularly: https://github.com/browserslist/update-db#readme
ℹ Compiling Client
✔ Client: Compiled successfully in 2.10s
client (webpack 5.87.0) compiled successfully
yarn run v1.22.19
$ docusaurus start --port 20001 --host 0.0.0.0

╭──────────────────────────────────────────────────────────────────────────────╮│                                                                              ││                        Update available 2.4.1 → 3.2.1                        ││                                                                              ││       To upgrade Docusaurus packages with the latest version, run the        ││                             following command:                               ││   `yarn upgrade @docusaurus/core@latest @docusaurus/preset-classic@latest    ││                   @docusaurus/module-type-aliases@latest`                    ││                                                                              │╰──────────────────────────────────────────────────────────────────────────────╯

[INFO] Starting the development server...
Warn: `blogDir` doesn't exist: "/home/chaowu/04_review_repo/tros_en/blog".
[SUCCESS] Docusaurus website is running at: http://localhost:20001/documents_tros/
Browserslist: caniuse-lite is outdated. Please run:
  npx update-browserslist-db@latest
  Why you should do it regularly: https://github.com/browserslist/update-db#readme
ℹ Compiling Client
✔ Client: Compiled successfully in 1.99s
client (webpack 5.87.0) compiled successfully
yarn run v1.22.19
$ docusaurus start --port 38888 --host 0.0.0.0

╭──────────────────────────────────────────────────────────────────────────────╮│                                                                              ││                        Update available 2.4.1 → 3.3.2                        ││                                                                              ││       To upgrade Docusaurus packages with the latest version, run the        ││                             following command:                               ││   `yarn upgrade @docusaurus/core@latest @docusaurus/preset-classic@latest    ││                   @docusaurus/module-type-aliases@latest`                    ││                                                                              │╰──────────────────────────────────────────────────────────────────────────────╯

[INFO] Starting the development server...
Warn: `blogDir` doesn't exist: "/home/chaowu/04_review_repo/tros_en/blog".
[SUCCESS] Docusaurus website is running at: http://localhost:38888/documents_tros/
Browserslist: caniuse-lite is outdated. Please run:
  npx update-browserslist-db@latest
  Why you should do it regularly: https://github.com/browserslist/update-db#readme
ℹ Compiling Client
✔ Client: Compiled successfully in 2.62s
client (webpack 5.87.0) compiled successfully
ℹ Compiling Client
✔ Client: Compiled with some errors in 245.53ms


Module not found: Error: Can't resolve './image/nav2/rviz.png' in '/home/chaowu/04_review_repo/tros_en/docs/apps'
client (webpack 5.87.0) compiled with 1 error
ℹ Compiling Client
✔ Client: Compiled with some errors in 184.43ms


Module not found: Error: Can't resolve './image/nav2/rviz.png' in '/home/chaowu/04_review_repo/tros_en/docs/apps'
Module not found: Error: Can't resolve './image/nav2/rviz_init.png' in '/home/chaowu/04_review_repo/tros_en/docs/apps'
Module not found: Error: Can't resolve './image/nav2/rviz_start.png' in '/home/chaowu/04_review_repo/tros_en/docs/apps'
Module not found: Error: Can't resolve './image/nav2/rviz_goal.png' in '/home/chaowu/04_review_repo/tros_en/docs/apps'
client (webpack 5.87.0) compiled with 4 errors
ℹ Compiling Client
✔ Client: Compiled with some errors in 174.58ms


Module not found: Error: Can't resolve './image/nav2/rviz.png' in '/home/chaowu/04_review_repo/tros_en/docs/apps'
Module not found: Error: Can't resolve './image/nav2/rviz_init.png' in '/home/chaowu/04_review_repo/tros_en/docs/apps'
Module not found: Error: Can't resolve './image/nav2/rviz_start.png' in '/home/chaowu/04_review_repo/tros_en/docs/apps'
client (webpack 5.87.0) compiled with 3 errors
ℹ Compiling Client
✔ Client: Compiled with some errors in 150.11ms


Module not found: Error: Can't resolve './image/nav2/rviz.png' in '/home/chaowu/04_review_repo/tros_en/docs/apps'
Module not found: Error: Can't resolve './image/nav2/rviz_start.png' in '/home/chaowu/04_review_repo/tros_en/docs/apps'
client (webpack 5.87.0) compiled with 2 errors
ℹ Compiling Client
✔ Client: Compiled with some errors in 134.21ms


Module not found: Error: Can't resolve './image/nav2/rviz.png' in '/home/chaowu/04_review_repo/tros_en/docs/apps'
client (webpack 5.87.0) compiled with 1 error
ℹ Compiling Client
✔ Client: Compiled successfully in 118.69ms
client (webpack 5.87.0) compiled successfully
ℹ Compiling Client
✔ Client: Compiled with some errors in 176.81ms


Module not found: Error: Can't resolve './image/parking_search/msg_workflow.png' in '/home/chaowu/04_review_repo/tros_en/docs/apps'
client (webpack 5.87.0) compiled with 1 error
ℹ Compiling Client
✔ Client: Compiled with some errors in 102.32ms


Module not found: Error: Can't resolve './image/parking_search/msg_workflow.png' in '/home/chaowu/04_review_repo/tros_en/docs/apps'
Module not found: Error: Can't resolve './image/parking_search/view_area.png' in '/home/chaowu/04_review_repo/tros_en/docs/apps'
client (webpack 5.87.0) compiled with 2 errors
ℹ Compiling Client
✔ Client: Compiled with some errors in 126.92ms


Module not found: Error: Can't resolve './image/parking_search/view_area.png' in '/home/chaowu/04_review_repo/tros_en/docs/apps'
client (webpack 5.87.0) compiled with 1 error
ℹ Compiling Client
✔ Client: Compiled successfully in 142.39ms
client (webpack 5.87.0) compiled successfully
ℹ Compiling Client
✔ Client: Compiled with some errors in 161.17ms


Module not found: Error: Can't resolve './image/box_adv/euroc_result.png' in '/home/chaowu/04_review_repo/tros_en/docs/boxs/function'
client (webpack 5.87.0) compiled with 1 error
ℹ Compiling Client
✔ Client: Compiled with some errors in 128.68ms


Module not found: Error: Can't resolve './image/box_adv/euroc_result.png' in '/home/chaowu/04_review_repo/tros_en/docs/boxs/function'
Module not found: Error: Can't resolve './image/box_adv/operation_1.png' in '/home/chaowu/04_review_repo/tros_en/docs/boxs/function'
Module not found: Error: Can't resolve './image/box_adv/operation_2.png' in '/home/chaowu/04_review_repo/tros_en/docs/boxs/function'
client (webpack 5.87.0) compiled with 3 errors
ℹ Compiling Client
✔ Client: Compiled with some errors in 108.69ms


Module not found: Error: Can't resolve './image/box_adv/euroc_result.png' in '/home/chaowu/04_review_repo/tros_en/docs/boxs/function'
Module not found: Error: Can't resolve './image/box_adv/realsense.png' in '/home/chaowu/04_review_repo/tros_en/docs/boxs/function'
Module not found: Error: Can't resolve './image/box_adv/operation_1.png' in '/home/chaowu/04_review_repo/tros_en/docs/boxs/function'
Module not found: Error: Can't resolve './image/box_adv/operation_2.png' in '/home/chaowu/04_review_repo/tros_en/docs/boxs/function'
client (webpack 5.87.0) compiled with 4 errors
ℹ Compiling Client
✔ Client: Compiled with some errors in 118.06ms


Module not found: Error: Can't resolve './image/box_adv/euroc_result.png' in '/home/chaowu/04_review_repo/tros_en/docs/boxs/function'
Module not found: Error: Can't resolve './image/box_adv/realsense.png' in '/home/chaowu/04_review_repo/tros_en/docs/boxs/function'
Module not found: Error: Can't resolve './image/box_adv/operation_1.png' in '/home/chaowu/04_review_repo/tros_en/docs/boxs/function'
Module not found: Error: Can't resolve './image/box_adv/operation_2.png' in '/home/chaowu/04_review_repo/tros_en/docs/boxs/function'
Module not found: Error: Can't resolve './image/box_adv/render.png' in '/home/chaowu/04_review_repo/tros_en/docs/boxs/function'
client (webpack 5.87.0) compiled with 5 errors
ℹ Compiling Client
✔ Client: Compiled with some errors in 133.58ms


Module not found: Error: Can't resolve './image/box_adv/euroc_result.png' in '/home/chaowu/04_review_repo/tros_en/docs/boxs/function'
Module not found: Error: Can't resolve './image/box_adv/realsense.png' in '/home/chaowu/04_review_repo/tros_en/docs/boxs/function'
Module not found: Error: Can't resolve './image/box_adv/rviz2_2.png' in '/home/chaowu/04_review_repo/tros_en/docs/boxs/function'
Module not found: Error: Can't resolve './image/box_adv/operation_1.png' in '/home/chaowu/04_review_repo/tros_en/docs/boxs/function'
Module not found: Error: Can't resolve './image/box_adv/operation_2.png' in '/home/chaowu/04_review_repo/tros_en/docs/boxs/function'
Module not found: Error: Can't resolve './image/box_adv/render.png' in '/home/chaowu/04_review_repo/tros_en/docs/boxs/function'
client (webpack 5.87.0) compiled with 6 errors
ℹ Compiling Client
✔ Client: Compiled with some errors in 111.89ms


Module not found: Error: Can't resolve './image/box_adv/stereonet_rdk.png' in '/home/chaowu/04_review_repo/tros_en/docs/boxs/function'
Module not found: Error: Can't resolve './image/box_adv/euroc_result.png' in '/home/chaowu/04_review_repo/tros_en/docs/boxs/function'
Module not found: Error: Can't resolve './image/box_adv/realsense.png' in '/home/chaowu/04_review_repo/tros_en/docs/boxs/function'
Module not found: Error: Can't resolve './image/box_adv/rviz2_2.png' in '/home/chaowu/04_review_repo/tros_en/docs/boxs/function'
Module not found: Error: Can't resolve './image/box_adv/operation_1.png' in '/home/chaowu/04_review_repo/tros_en/docs/boxs/function'
Module not found: Error: Can't resolve './image/box_adv/operation_2.png' in '/home/chaowu/04_review_repo/tros_en/docs/boxs/function'
Module not found: Error: Can't resolve './image/box_adv/render.png' in '/home/chaowu/04_review_repo/tros_en/docs/boxs/function'
client (webpack 5.87.0) compiled with 7 errors
ℹ Compiling Client
✔ Client: Compiled with some errors in 92.55ms


Module not found: Error: Can't resolve './image/box_adv/stereonet_rdk.png' in '/home/chaowu/04_review_repo/tros_en/docs/boxs/function'
Module not found: Error: Can't resolve './image/box_adv/stereonet_zed.png' in '/home/chaowu/04_review_repo/tros_en/docs/boxs/function'
Module not found: Error: Can't resolve './image/box_adv/euroc_result.png' in '/home/chaowu/04_review_repo/tros_en/docs/boxs/function'
Module not found: Error: Can't resolve './image/box_adv/realsense.png' in '/home/chaowu/04_review_repo/tros_en/docs/boxs/function'
Module not found: Error: Can't resolve './image/box_adv/rviz2_2.png' in '/home/chaowu/04_review_repo/tros_en/docs/boxs/function'
Module not found: Error: Can't resolve './image/box_adv/operation_1.png' in '/home/chaowu/04_review_repo/tros_en/docs/boxs/function'
Module not found: Error: Can't resolve './image/box_adv/operation_2.png' in '/home/chaowu/04_review_repo/tros_en/docs/boxs/function'
Module not found: Error: Can't resolve './image/box_adv/render.png' in '/home/chaowu/04_review_repo/tros_en/docs/boxs/function'
client (webpack 5.87.0) compiled with 8 errors
ℹ Compiling Client
✔ Client: Compiled with some errors in 108.05ms


Module not found: Error: Can't resolve './image/box_adv/stereonet_rdk.png' in '/home/chaowu/04_review_repo/tros_en/docs/boxs/function'
Module not found: Error: Can't resolve './image/box_adv/stereonet_zed.png' in '/home/chaowu/04_review_repo/tros_en/docs/boxs/function'
Module not found: Error: Can't resolve './image/box_adv/euroc_result.png' in '/home/chaowu/04_review_repo/tros_en/docs/boxs/function'
Module not found: Error: Can't resolve './image/box_adv/realsense.png' in '/home/chaowu/04_review_repo/tros_en/docs/boxs/function'
Module not found: Error: Can't resolve './image/box_adv/rviz2_2.png' in '/home/chaowu/04_review_repo/tros_en/docs/boxs/function'
Module not found: Error: Can't resolve './image/box_adv/superpoint_result.png' in '/home/chaowu/04_review_repo/tros_en/docs/boxs/function'
Module not found: Error: Can't resolve './image/box_adv/operation_1.png' in '/home/chaowu/04_review_repo/tros_en/docs/boxs/function'
Module not found: Error: Can't resolve './image/box_adv/operation_2.png' in '/home/chaowu/04_review_repo/tros_en/docs/boxs/function'
Module not found: Error: Can't resolve './image/box_adv/render.png' in '/home/chaowu/04_review_repo/tros_en/docs/boxs/function'
client (webpack 5.87.0) compiled with 9 errors
ℹ Compiling Client
✔ Client: Compiled with some errors in 221.01ms


Module not found: Error: Can't resolve './image/box_adv/stereonet_rdk.png' in '/home/chaowu/04_review_repo/tros_en/docs/boxs/function'
Module not found: Error: Can't resolve './image/box_adv/stereonet_zed.png' in '/home/chaowu/04_review_repo/tros_en/docs/boxs/function'
Module not found: Error: Can't resolve './image/box_adv/realsense.png' in '/home/chaowu/04_review_repo/tros_en/docs/boxs/function'
Module not found: Error: Can't resolve './image/box_adv/rviz2_2.png' in '/home/chaowu/04_review_repo/tros_en/docs/boxs/function'
Module not found: Error: Can't resolve './image/box_adv/superpoint_result.png' in '/home/chaowu/04_review_repo/tros_en/docs/boxs/function'
Module not found: Error: Can't resolve './image/box_adv/operation_1.png' in '/home/chaowu/04_review_repo/tros_en/docs/boxs/function'
Module not found: Error: Can't resolve './image/box_adv/operation_2.png' in '/home/chaowu/04_review_repo/tros_en/docs/boxs/function'
Module not found: Error: Can't resolve './image/box_adv/render.png' in '/home/chaowu/04_review_repo/tros_en/docs/boxs/function'
client (webpack 5.87.0) compiled with 8 errors
ℹ Compiling Client
✔ Client: Compiled with some errors in 111.65ms


Module not found: Error: Can't resolve './image/box_adv/stereonet_rdk.png' in '/home/chaowu/04_review_repo/tros_en/docs/boxs/function'
Module not found: Error: Can't resolve './image/box_adv/stereonet_zed.png' in '/home/chaowu/04_review_repo/tros_en/docs/boxs/function'
Module not found: Error: Can't resolve './image/box_adv/realsense.png' in '/home/chaowu/04_review_repo/tros_en/docs/boxs/function'
Module not found: Error: Can't resolve './image/box_adv/rviz2_2.png' in '/home/chaowu/04_review_repo/tros_en/docs/boxs/function'
Module not found: Error: Can't resolve './image/box_adv/superpoint_result.png' in '/home/chaowu/04_review_repo/tros_en/docs/boxs/function'
Module not found: Error: Can't resolve './image/box_adv/operation_2.png' in '/home/chaowu/04_review_repo/tros_en/docs/boxs/function'
Module not found: Error: Can't resolve './image/box_adv/render.png' in '/home/chaowu/04_review_repo/tros_en/docs/boxs/function'
client (webpack 5.87.0) compiled with 7 errors
ℹ Compiling Client
✔ Client: Compiled with some errors in 146.75ms


Module not found: Error: Can't resolve './image/box_adv/stereonet_rdk.png' in '/home/chaowu/04_review_repo/tros_en/docs/boxs/function'
Module not found: Error: Can't resolve './image/box_adv/stereonet_zed.png' in '/home/chaowu/04_review_repo/tros_en/docs/boxs/function'
Module not found: Error: Can't resolve './image/box_adv/realsense.png' in '/home/chaowu/04_review_repo/tros_en/docs/boxs/function'
Module not found: Error: Can't resolve './image/box_adv/rviz2_2.png' in '/home/chaowu/04_review_repo/tros_en/docs/boxs/function'
Module not found: Error: Can't resolve './image/box_adv/superpoint_result.png' in '/home/chaowu/04_review_repo/tros_en/docs/boxs/function'
Module not found: Error: Can't resolve './image/box_adv/render.png' in '/home/chaowu/04_review_repo/tros_en/docs/boxs/function'
client (webpack 5.87.0) compiled with 6 errors
ℹ Compiling Client
✔ Client: Compiled with some errors in 110.91ms


Module not found: Error: Can't resolve './image/box_adv/stereonet_rdk.png' in '/home/chaowu/04_review_repo/tros_en/docs/boxs/function'
Module not found: Error: Can't resolve './image/box_adv/stereonet_zed.png' in '/home/chaowu/04_review_repo/tros_en/docs/boxs/function'
Module not found: Error: Can't resolve './image/box_adv/rviz2_2.png' in '/home/chaowu/04_review_repo/tros_en/docs/boxs/function'
Module not found: Error: Can't resolve './image/box_adv/superpoint_result.png' in '/home/chaowu/04_review_repo/tros_en/docs/boxs/function'
Module not found: Error: Can't resolve './image/box_adv/render.png' in '/home/chaowu/04_review_repo/tros_en/docs/boxs/function'
client (webpack 5.87.0) compiled with 5 errors
ℹ Compiling Client
✔ Client: Compiled with some errors in 96.95ms


Module not found: Error: Can't resolve './image/box_adv/stereonet_rdk.png' in '/home/chaowu/04_review_repo/tros_en/docs/boxs/function'
Module not found: Error: Can't resolve './image/box_adv/stereonet_zed.png' in '/home/chaowu/04_review_repo/tros_en/docs/boxs/function'
Module not found: Error: Can't resolve './image/box_adv/superpoint_result.png' in '/home/chaowu/04_review_repo/tros_en/docs/boxs/function'
Module not found: Error: Can't resolve './image/box_adv/render.png' in '/home/chaowu/04_review_repo/tros_en/docs/boxs/function'
client (webpack 5.87.0) compiled with 4 errors
ℹ Compiling Client
✔ Client: Compiled with some errors in 155.50ms


Module not found: Error: Can't resolve './image/box_adv/stereonet_rdk.png' in '/home/chaowu/04_review_repo/tros_en/docs/boxs/function'
Module not found: Error: Can't resolve './image/box_adv/stereonet_zed.png' in '/home/chaowu/04_review_repo/tros_en/docs/boxs/function'
Module not found: Error: Can't resolve './image/box_adv/render.png' in '/home/chaowu/04_review_repo/tros_en/docs/boxs/function'
client (webpack 5.87.0) compiled with 3 errors
ℹ Compiling Client
✔ Client: Compiled with some errors in 96.50ms


Module not found: Error: Can't resolve './image/box_adv/stereonet_rdk.png' in '/home/chaowu/04_review_repo/tros_en/docs/boxs/function'
Module not found: Error: Can't resolve './image/box_adv/stereonet_zed.png' in '/home/chaowu/04_review_repo/tros_en/docs/boxs/function'
client (webpack 5.87.0) compiled with 2 errors
ℹ Compiling Client
✔ Client: Compiled with some errors in 109.45ms


Module not found: Error: Can't resolve './image/box_adv/stereonet_zed.png' in '/home/chaowu/04_review_repo/tros_en/docs/boxs/function'
client (webpack 5.87.0) compiled with 1 error
ℹ Compiling Client
✔ Client: Compiled successfully in 97.70ms
client (webpack 5.87.0) compiled successfully
ℹ Compiling Client
✔ Client: Compiled with some errors in 163.59ms


Module not found: Error: Can't resolve './image/hardware_and_system/image-20220511181747071.png' in '/home/chaowu/04_review_repo/tros_en/docs/FAQs'
client (webpack 5.87.0) compiled with 1 error
ℹ Compiling Client
✔ Client: Compiled successfully in 146.80ms
client (webpack 5.87.0) compiled successfully
ℹ Compiling Client
✔ Client: Compiled with some errors in 147.18ms


Module not found: Error: Can't resolve './image/hardware_and_system/image-X3-PI-Camera.png' in '/home/chaowu/04_review_repo/tros_en/docs/FAQs'
client (webpack 5.87.0) compiled with 1 error
ℹ Compiling Client
✔ Client: Compiled with some errors in 156.16ms


Error: Image docs/FAQs/image/hardware_and_system/connect.png used in docs/FAQs/hardware_and_system.md not found.
    at async Promise.all (index 0)
client (webpack 5.87.0) compiled with 1 error
Warn: `blogDir` doesn't exist: "/home/chaowu/04_review_repo/tros_en/blog".
ℹ Compiling Client
✔ Client: Compiled with some errors in 173.51ms


Error: Image docs/FAQs/image/hardware_and_system/connect.png used in docs/FAQs/hardware_and_system.md not found.
    at async Promise.all (index 0)
client (webpack 5.87.0) compiled with 1 error
ℹ Compiling Client
✔ Client: Compiled successfully in 240.33ms
client (webpack 5.87.0) compiled successfully
Warn: `blogDir` doesn't exist: "/home/chaowu/04_review_repo/tros_en/blog".
ℹ Compiling Client
✔ Client: Compiled successfully in 108.78ms
client (webpack 5.87.0) compiled successfully
ℹ Compiling Client
✔ Client: Compiled with some errors in 162.26ms


Module not found: Error: Can't resolve './image/demo_cv/ori-crop.png' in '/home/chaowu/04_review_repo/tros_en/docs/quick_demo'
client (webpack 5.87.0) compiled with 1 error
ℹ Compiling Client
✔ Client: Compiled with some errors in 102.91ms


Module not found: Error: Can't resolve './image/demo_cv/ori-crop.png' in '/home/chaowu/04_review_repo/tros_en/docs/quick_demo'
Module not found: Error: Can't resolve './image/demo_cv/ori-resize.png' in '/home/chaowu/04_review_repo/tros_en/docs/quick_demo'
client (webpack 5.87.0) compiled with 2 errors
ℹ Compiling Client
✔ Client: Compiled with some errors in 133.70ms


Module not found: Error: Can't resolve './image/demo_cv/ori-resize.png' in '/home/chaowu/04_review_repo/tros_en/docs/quick_demo'
client (webpack 5.87.0) compiled with 1 error
ℹ Compiling Client
✔ Client: Compiled successfully in 139.48ms
client (webpack 5.87.0) compiled successfully
ℹ Compiling Client
✔ Client: Compiled with some errors in 150.51ms


Module not found: Error: Can't resolve './image/demo_render/rviz2-config.png' in '/home/chaowu/04_review_repo/tros_en/docs/quick_demo'
client (webpack 5.87.0) compiled with 1 error
ℹ Compiling Client
✔ Client: Compiled with some errors in 135.14ms


Module not found: Error: Can't resolve './image/demo_render/websocket.png' in '/home/chaowu/04_review_repo/tros_en/docs/quick_demo'
Module not found: Error: Can't resolve './image/demo_render/hdmi.png' in '/home/chaowu/04_review_repo/tros_en/docs/quick_demo'
Module not found: Error: Can't resolve './image/demo_render/rviz2-config.png' in '/home/chaowu/04_review_repo/tros_en/docs/quick_demo'
Module not found: Error: Can't resolve './image/demo_render/rviz2-result.png' in '/home/chaowu/04_review_repo/tros_en/docs/quick_demo'
client (webpack 5.87.0) compiled with 4 errors
ℹ Compiling Client
✔ Client: Compiled with some errors in 116.35ms


Module not found: Error: Can't resolve './image/demo_render/websocket.png' in '/home/chaowu/04_review_repo/tros_en/docs/quick_demo'
Module not found: Error: Can't resolve './image/demo_render/hdmi.png' in '/home/chaowu/04_review_repo/tros_en/docs/quick_demo'
Module not found: Error: Can't resolve './image/demo_render/rviz2-config.png' in '/home/chaowu/04_review_repo/tros_en/docs/quick_demo'
Module not found: Error: Can't resolve './image/demo_render/rviz2-result.png' in '/home/chaowu/04_review_repo/tros_en/docs/quick_demo'
Module not found: Error: Can't resolve './image/demo_render/foxglove_guide_1.png' in '/home/chaowu/04_review_repo/tros_en/docs/quick_demo'
Module not found: Error: Can't resolve './image/demo_render/foxglove_guide_2.png' in '/home/chaowu/04_review_repo/tros_en/docs/quick_demo'
client (webpack 5.87.0) compiled with 6 errors
ℹ Compiling Client
✔ Client: Compiled with some errors in 99.75ms


Module not found: Error: Can't resolve './image/demo_render/websocket.png' in '/home/chaowu/04_review_repo/tros_en/docs/quick_demo'
Module not found: Error: Can't resolve './image/demo_render/hdmi.png' in '/home/chaowu/04_review_repo/tros_en/docs/quick_demo'
Module not found: Error: Can't resolve './image/demo_render/rviz2-config.png' in '/home/chaowu/04_review_repo/tros_en/docs/quick_demo'
Module not found: Error: Can't resolve './image/demo_render/rviz2-result.png' in '/home/chaowu/04_review_repo/tros_en/docs/quick_demo'
Module not found: Error: Can't resolve './image/demo_render/foxglove_guide_1.png' in '/home/chaowu/04_review_repo/tros_en/docs/quick_demo'
Module not found: Error: Can't resolve './image/demo_render/foxglove_guide_2.png' in '/home/chaowu/04_review_repo/tros_en/docs/quick_demo'
Module not found: Error: Can't resolve './image/demo_render/foxglove_guide_3.png' in '/home/chaowu/04_review_repo/tros_en/docs/quick_demo'
Module not found: Error: Can't resolve './image/demo_render/foxglove_guide_4.png' in '/home/chaowu/04_review_repo/tros_en/docs/quick_demo'
client (webpack 5.87.0) compiled with 8 errors
ℹ Compiling Client
✔ Client: Compiled with some errors in 167.98ms


Module not found: Error: Can't resolve './image/demo_render/websocket.png' in '/home/chaowu/04_review_repo/tros_en/docs/quick_demo'
Module not found: Error: Can't resolve './image/demo_render/hdmi.png' in '/home/chaowu/04_review_repo/tros_en/docs/quick_demo'
Module not found: Error: Can't resolve './image/demo_render/rviz2-config.png' in '/home/chaowu/04_review_repo/tros_en/docs/quick_demo'
Module not found: Error: Can't resolve './image/demo_render/rviz2-result.png' in '/home/chaowu/04_review_repo/tros_en/docs/quick_demo'
Module not found: Error: Can't resolve './image/demo_render/foxglove_guide_1.png' in '/home/chaowu/04_review_repo/tros_en/docs/quick_demo'
Module not found: Error: Can't resolve './image/demo_render/foxglove_guide_2.png' in '/home/chaowu/04_review_repo/tros_en/docs/quick_demo'
Module not found: Error: Can't resolve './image/demo_render/foxglove_guide_3.png' in '/home/chaowu/04_review_repo/tros_en/docs/quick_demo'
Module not found: Error: Can't resolve './image/demo_render/foxglove_guide_4.png' in '/home/chaowu/04_review_repo/tros_en/docs/quick_demo'
Module not found: Error: Can't resolve './image/demo_render/foxglove_guide_5.png' in '/home/chaowu/04_review_repo/tros_en/docs/quick_demo'
Module not found: Error: Can't resolve './image/demo_render/foxglove_guide_6.png' in '/home/chaowu/04_review_repo/tros_en/docs/quick_demo'
client (webpack 5.87.0) compiled with 10 errors
ℹ Compiling Client
✔ Client: Compiled with some errors in 126.06ms


Module not found: Error: Can't resolve './image/demo_render/websocket.png' in '/home/chaowu/04_review_repo/tros_en/docs/quick_demo'
Module not found: Error: Can't resolve './image/demo_render/hdmi.png' in '/home/chaowu/04_review_repo/tros_en/docs/quick_demo'
Module not found: Error: Can't resolve './image/demo_render/rviz2-config.png' in '/home/chaowu/04_review_repo/tros_en/docs/quick_demo'
Module not found: Error: Can't resolve './image/demo_render/rviz2-result.png' in '/home/chaowu/04_review_repo/tros_en/docs/quick_demo'
Module not found: Error: Can't resolve './image/demo_render/foxglove_guide_11.png' in '/home/chaowu/04_review_repo/tros_en/docs/quick_demo'
Module not found: Error: Can't resolve './image/demo_render/foxglove_guide_2.png' in '/home/chaowu/04_review_repo/tros_en/docs/quick_demo'
Module not found: Error: Can't resolve './image/demo_render/foxglove_guide_3.png' in '/home/chaowu/04_review_repo/tros_en/docs/quick_demo'
Module not found: Error: Can't resolve './image/demo_render/foxglove_guide_4.png' in '/home/chaowu/04_review_repo/tros_en/docs/quick_demo'
Module not found: Error: Can't resolve './image/demo_render/foxglove_guide_5.png' in '/home/chaowu/04_review_repo/tros_en/docs/quick_demo'
Module not found: Error: Can't resolve './image/demo_render/foxglove_guide_6.png' in '/home/chaowu/04_review_repo/tros_en/docs/quick_demo'
client (webpack 5.87.0) compiled with 10 errors
ℹ Compiling Client
✔ Client: Compiled with some errors in 114.76ms


Module not found: Error: Can't resolve './image/demo_render/websocket.png' in '/home/chaowu/04_review_repo/tros_en/docs/quick_demo'
Module not found: Error: Can't resolve './image/demo_render/hdmi.png' in '/home/chaowu/04_review_repo/tros_en/docs/quick_demo'
Module not found: Error: Can't resolve './image/demo_render/rviz2-config.png' in '/home/chaowu/04_review_repo/tros_en/docs/quick_demo'
Module not found: Error: Can't resolve './image/demo_render/rviz2-result.png' in '/home/chaowu/04_review_repo/tros_en/docs/quick_demo'
Module not found: Error: Can't resolve './image/demo_render/foxglove_guide_11.png' in '/home/chaowu/04_review_repo/tros_en/docs/quick_demo'
Module not found: Error: Can't resolve './image/demo_render/foxglove_guide_3.png' in '/home/chaowu/04_review_repo/tros_en/docs/quick_demo'
Module not found: Error: Can't resolve './image/demo_render/foxglove_guide_4.png' in '/home/chaowu/04_review_repo/tros_en/docs/quick_demo'
Module not found: Error: Can't resolve './image/demo_render/foxglove_guide_5.png' in '/home/chaowu/04_review_repo/tros_en/docs/quick_demo'
Module not found: Error: Can't resolve './image/demo_render/foxglove_guide_6.png' in '/home/chaowu/04_review_repo/tros_en/docs/quick_demo'
client (webpack 5.87.0) compiled with 9 errors
ℹ Compiling Client
✔ Client: Compiled with some errors in 172.95ms


Module not found: Error: Can't resolve './image/demo_render/websocket.png' in '/home/chaowu/04_review_repo/tros_en/docs/quick_demo'
Module not found: Error: Can't resolve './image/demo_render/hdmi.png' in '/home/chaowu/04_review_repo/tros_en/docs/quick_demo'
Module not found: Error: Can't resolve './image/demo_render/rviz2-config.png' in '/home/chaowu/04_review_repo/tros_en/docs/quick_demo'
Module not found: Error: Can't resolve './image/demo_render/rviz2-result.png' in '/home/chaowu/04_review_repo/tros_en/docs/quick_demo'
Module not found: Error: Can't resolve './image/demo_render/foxglove_guide_11.png' in '/home/chaowu/04_review_repo/tros_en/docs/quick_demo'
Module not found: Error: Can't resolve './image/demo_render/foxglove_guide_4.png' in '/home/chaowu/04_review_repo/tros_en/docs/quick_demo'
Module not found: Error: Can't resolve './image/demo_render/foxglove_guide_5.png' in '/home/chaowu/04_review_repo/tros_en/docs/quick_demo'
Module not found: Error: Can't resolve './image/demo_render/foxglove_guide_6.png' in '/home/chaowu/04_review_repo/tros_en/docs/quick_demo'
client (webpack 5.87.0) compiled with 8 errors
ℹ Compiling Client
✔ Client: Compiled with some errors in 143.94ms


Module not found: Error: Can't resolve './image/demo_render/websocket.png' in '/home/chaowu/04_review_repo/tros_en/docs/quick_demo'
Module not found: Error: Can't resolve './image/demo_render/hdmi.png' in '/home/chaowu/04_review_repo/tros_en/docs/quick_demo'
Module not found: Error: Can't resolve './image/demo_render/rviz2-config.png' in '/home/chaowu/04_review_repo/tros_en/docs/quick_demo'
Module not found: Error: Can't resolve './image/demo_render/rviz2-result.png' in '/home/chaowu/04_review_repo/tros_en/docs/quick_demo'
Module not found: Error: Can't resolve './image/demo_render/foxglove_guide_11.png' in '/home/chaowu/04_review_repo/tros_en/docs/quick_demo'
Module not found: Error: Can't resolve './image/demo_render/foxglove_guide_5.png' in '/home/chaowu/04_review_repo/tros_en/docs/quick_demo'
Module not found: Error: Can't resolve './image/demo_render/foxglove_guide_6.png' in '/home/chaowu/04_review_repo/tros_en/docs/quick_demo'
client (webpack 5.87.0) compiled with 7 errors
ℹ Compiling Client
✔ Client: Compiled with some errors in 107.50ms


Module not found: Error: Can't resolve './image/demo_render/websocket.png' in '/home/chaowu/04_review_repo/tros_en/docs/quick_demo'
Module not found: Error: Can't resolve './image/demo_render/hdmi.png' in '/home/chaowu/04_review_repo/tros_en/docs/quick_demo'
Module not found: Error: Can't resolve './image/demo_render/rviz2-config.png' in '/home/chaowu/04_review_repo/tros_en/docs/quick_demo'
Module not found: Error: Can't resolve './image/demo_render/rviz2-result.png' in '/home/chaowu/04_review_repo/tros_en/docs/quick_demo'
Module not found: Error: Can't resolve './image/demo_render/foxglove_guide_11.png' in '/home/chaowu/04_review_repo/tros_en/docs/quick_demo'
Module not found: Error: Can't resolve './image/demo_render/foxglove_guide_6.png' in '/home/chaowu/04_review_repo/tros_en/docs/quick_demo'
client (webpack 5.87.0) compiled with 6 errors
ℹ Compiling Client
✔ Client: Compiled with some errors in 101.85ms


Module not found: Error: Can't resolve './image/demo_render/websocket.png' in '/home/chaowu/04_review_repo/tros_en/docs/quick_demo'
Module not found: Error: Can't resolve './image/demo_render/hdmi.png' in '/home/chaowu/04_review_repo/tros_en/docs/quick_demo'
Module not found: Error: Can't resolve './image/demo_render/rviz2-config.png' in '/home/chaowu/04_review_repo/tros_en/docs/quick_demo'
Module not found: Error: Can't resolve './image/demo_render/rviz2-result.png' in '/home/chaowu/04_review_repo/tros_en/docs/quick_demo'
Module not found: Error: Can't resolve './image/demo_render/foxglove_guide_11.png' in '/home/chaowu/04_review_repo/tros_en/docs/quick_demo'
client (webpack 5.87.0) compiled with 5 errors
ℹ Compiling Client
✔ Client: Compiled with some errors in 147.45ms


Module not found: Error: Can't resolve './image/demo_render/websocket.png' in '/home/chaowu/04_review_repo/tros_en/docs/quick_demo'
Module not found: Error: Can't resolve './image/demo_render/hdmi.png' in '/home/chaowu/04_review_repo/tros_en/docs/quick_demo'
Module not found: Error: Can't resolve './image/demo_render/rviz2-config.png' in '/home/chaowu/04_review_repo/tros_en/docs/quick_demo'
Module not found: Error: Can't resolve './image/demo_render/rviz2-result.png' in '/home/chaowu/04_review_repo/tros_en/docs/quick_demo'
client (webpack 5.87.0) compiled with 4 errors
ℹ Compiling Client
✔ Client: Compiled with some errors in 143.44ms


Module not found: Error: Can't resolve './image/demo_render/websocket.png' in '/home/chaowu/04_review_repo/tros_en/docs/quick_demo'
Module not found: Error: Can't resolve './image/demo_render/rviz2-config.png' in '/home/chaowu/04_review_repo/tros_en/docs/quick_demo'
Module not found: Error: Can't resolve './image/demo_render/rviz2-result.png' in '/home/chaowu/04_review_repo/tros_en/docs/quick_demo'
client (webpack 5.87.0) compiled with 3 errors
ℹ Compiling Client
✔ Client: Compiled with some errors in 96.46ms


Module not found: Error: Can't resolve './image/demo_render/websocket.png' in '/home/chaowu/04_review_repo/tros_en/docs/quick_demo'
Module not found: Error: Can't resolve './image/demo_render/rviz2-result.png' in '/home/chaowu/04_review_repo/tros_en/docs/quick_demo'
client (webpack 5.87.0) compiled with 2 errors
ℹ Compiling Client
✔ Client: Compiled with some errors in 154.47ms


Module not found: Error: Can't resolve './image/demo_render/websocket.png' in '/home/chaowu/04_review_repo/tros_en/docs/quick_demo'
client (webpack 5.87.0) compiled with 1 error
ℹ Compiling Client
✔ Client: Compiled successfully in 122.02ms
client (webpack 5.87.0) compiled successfully
ℹ Compiling Client
✔ Client: Compiled with some errors in 124.91ms


Module not found: Error: Can't resolve './image/demo_sensor/hobot_rgbd_sensor.png' in '/home/chaowu/04_review_repo/tros_en/docs/quick_demo'
client (webpack 5.87.0) compiled with 1 error
ℹ Compiling Client
✔ Client: Compiled successfully in 140.58ms
client (webpack 5.87.0) compiled successfully
ℹ Compiling Client
✔ Client: Compiled with some errors in 163.56ms


Module not found: Error: Can't resolve './image/demo_sensor/web-f37-codec.png' in '/home/chaowu/04_review_repo/tros_en/docs/quick_demo'
client (webpack 5.87.0) compiled with 1 error
ℹ Compiling Client
✔ Client: Compiled with some errors in 117.81ms


Module not found: Error: Can't resolve './image/demo_sensor/web-f37-codec.png' in '/home/chaowu/04_review_repo/tros_en/docs/quick_demo'
client (webpack 5.87.0) compiled with 1 error
ℹ Compiling Client
✔ Client: Compiled successfully in 117.42ms
client (webpack 5.87.0) compiled successfully
ℹ Compiling Client
✔ Client: Compiled with some errors in 146.24ms


Module not found: Error: Can't resolve './image/demo_sensor/image-X3-PI-Camera.png' in '/home/chaowu/04_review_repo/tros_en/docs/quick_demo'
client (webpack 5.87.0) compiled with 1 error
ℹ Compiling Client
✔ Client: Compiled successfully in 459.63ms
client (webpack 5.87.0) compiled successfully
Warn: `blogDir` doesn't exist: "/home/chaowu/04_review_repo/tros_en/blog".
ℹ Compiling Client
✔ Client: Compiled successfully in 117.69ms
client (webpack 5.87.0) compiled successfully
ℹ Compiling Client
✔ Client: Compiled with some errors in 141.76ms


Module not found: Error: Can't resolve './image/demo_tool/show.png' in '/home/chaowu/04_review_repo/tros_en/docs/quick_demo'
client (webpack 5.87.0) compiled with 1 error
ℹ Compiling Client
✔ Client: Compiled successfully in 156.99ms
client (webpack 5.87.0) compiled successfully
ℹ Compiling Client
✔ Client: Compiled with some errors in 114.36ms


Module not found: Error: Can't resolve './image/hobot_codec/web-f37-codec.png' in '/home/chaowu/04_review_repo/tros_en/docs/quick_demo'
client (webpack 5.87.0) compiled with 1 error
ℹ Compiling Client
✔ Client: Compiled successfully in 148.08ms
client (webpack 5.87.0) compiled successfully
ℹ Compiling Client
✔ Client: Compiled with some errors in 129.18ms


Module not found: Error: Can't resolve './image/line_follower/roadmap.png' in '/home/chaowu/04_review_repo/tros_en/docs/tros_dev'
client (webpack 5.87.0) compiled with 1 error
ℹ Compiling Client
✔ Client: Compiled with some errors in 140.95ms


Module not found: Error: Can't resolve './image/line_follower/roadmap.png' in '/home/chaowu/04_review_repo/tros_en/docs/tros_dev'
Module not found: Error: Can't resolve './image/line_follower/model_convert.png' in '/home/chaowu/04_review_repo/tros_en/docs/tros_dev'
client (webpack 5.87.0) compiled with 2 errors
ℹ Compiling Client
✔ Client: Compiled with some errors in 81.72ms


Module not found: Error: Can't resolve './image/line_follower/framework.png' in '/home/chaowu/04_review_repo/tros_en/docs/tros_dev'
Module not found: Error: Can't resolve './image/line_follower/roadmap.png' in '/home/chaowu/04_review_repo/tros_en/docs/tros_dev'
Module not found: Error: Can't resolve './image/line_follower/model_convert.png' in '/home/chaowu/04_review_repo/tros_en/docs/tros_dev'
client (webpack 5.87.0) compiled with 3 errors
ℹ Compiling Client
✔ Client: Compiled with some errors in 124.71ms


Module not found: Error: Can't resolve './image/line_follower/roadmap.png' in '/home/chaowu/04_review_repo/tros_en/docs/tros_dev'
Module not found: Error: Can't resolve './image/line_follower/model_convert.png' in '/home/chaowu/04_review_repo/tros_en/docs/tros_dev'
client (webpack 5.87.0) compiled with 2 errors
ℹ Compiling Client
✔ Client: Compiled with some errors in 79.36ms


Module not found: Error: Can't resolve './image/line_follower/roadmap.png' in '/home/chaowu/04_review_repo/tros_en/docs/tros_dev'
client (webpack 5.87.0) compiled with 1 error
ℹ Compiling Client
✔ Client: Compiled successfully in 107.21ms
client (webpack 5.87.0) compiled successfully
ℹ Compiling Client
✔ Client: Compiled with some errors in 158.38ms


Module not found: Error: Can't resolve './image/mono2d_trash_detection/workflow.png' in '/home/chaowu/04_review_repo/tros_en/docs/tros_dev'
client (webpack 5.87.0) compiled with 1 error
ℹ Compiling Client
✔ Client: Compiled successfully in 132.84ms
client (webpack 5.87.0) compiled successfully
ℹ Compiling Client
✔ Client: Compiled with some errors in 124.58ms


Module not found: Error: Can't resolve './image/hello_world/hello_world.png' in '/home/chaowu/04_review_repo/tros_en/docs/quick_start'
client (webpack 5.87.0) compiled with 1 error
ℹ Compiling Client
✔ Client: Compiled successfully in 135.10ms
client (webpack 5.87.0) compiled successfully
ℹ Compiling Client
✔ Client: Compiled with some errors in 113.60ms


Module not found: Error: Can't resolve './image/cross_compile/vcs_import_error.png' in '/home/chaowu/04_review_repo/tros_en/docs/quick_start'
client (webpack 5.87.0) compiled with 1 error
ℹ Compiling Client
✔ Client: Compiled successfully in 112.85ms
client (webpack 5.87.0) compiled successfully
